<?xml version="1.0" encoding="UTF-8"?>
<!-- Generated by org.testng.reporters.JUnitXMLReporter -->
<testsuite ignored="2" hostname="DESKTOP-05KTQHD" failures="0" tests="1" name="Search and Select Airline TestCase" time="7.288" errors="0" timestamp="2024-10-27T18:57:34 IST">
  <testcase classname="TestCases.AppTest" name="bookFlightTicket" time="4.482"/>
  <testcase classname="TestCases.AppTest" name="loginTest" time="0.0">
    <ignored/>
  </testcase> <!-- loginTest -->
  <testcase classname="TestCases.AppTest" name="validateLoginPageTitile" time="0.0">
    <ignored/>
  </testcase> <!-- validateLoginPageTitile -->
</testsuite> <!-- Search and Select Airline TestCase -->
